# project  configured on Sat Feb 15 13:25:07 2014 by
# waf 1.7.15 (abi 98, python 20704f0 on linux2)
# using waf configure
#
----------------------------------------
Setting top to
/home/zeno/workspace/GameBuildAThon
----------------------------------------
Setting out to
/home/zeno/workspace/GameBuildAThon/build
----------------------------------------
Checking for 'gcc' (c compiler)
find program=['gcc', 'cc'] paths=['/usr/lib/lightdm/lightdm', '/usr/local/sbin', '/usr/local/bin', '/usr/sbin', '/usr/bin', '/sbin', '/bin', '/usr/games', '/usr/local/games'] var='CC' -> '/usr/bin/gcc'
find program=['ar'] paths=['/usr/lib/lightdm/lightdm', '/usr/local/sbin', '/usr/local/bin', '/usr/sbin', '/usr/bin', '/sbin', '/bin', '/usr/games', '/usr/local/games'] var='AR' -> '/usr/bin/ar'
/usr/bin/gcc
----------------------------------------
Checking for 'g++' (c++ compiler)
find program=['g++', 'c++'] paths=['/usr/lib/lightdm/lightdm', '/usr/local/sbin', '/usr/local/bin', '/usr/sbin', '/usr/bin', '/sbin', '/bin', '/usr/games', '/usr/local/games'] var='CXX' -> '/usr/bin/g++'
(tool ar is already loaded, skipping)
/usr/bin/g++
----------------------------------------
Checking for program pkg-config
/usr/bin/pkg-config
find program=['pkg-config'] paths=['/usr/lib/lightdm/lightdm', '/usr/local/sbin', '/usr/local/bin', '/usr/sbin', '/usr/bin', '/sbin', '/bin', '/usr/games', '/usr/local/games'] var='PKGCONFIG' -> '/usr/bin/pkg-config'
----------------------------------------
Checking for X11
['/usr/bin/pkg-config', '--cflags', '--libs', 'x11']
out:  -lX11  

yes
----------------------------------------
Checking for XRandR
['/usr/bin/pkg-config', '--cflags', '--libs', 'xrandr']
out:  -lXrandr  

yes
----------------------------------------
Checking for OpenAL
['/usr/bin/pkg-config', '--cflags', '--libs', 'openal']
out: -I/usr/include/AL  -lopenal  

yes
----------------------------------------
Checking for libsndfile
['/usr/bin/pkg-config', '--cflags', '--libs', 'sndfile']
out:  -lsndfile  

yes
